<?xml version="1.0" encoding="UTF-8"?>
<testsuite name="com.perficient.trainingsystem.controller.CourseAddControllerTest" time="0.264" tests="5" errors="0" skipped="0" failures="0">
  <properties>
    <property name="java.runtime.name" value="Java(TM) SE Runtime Environment"/>
    <property name="sun.boot.library.path" value="/home/perficient/Documents/jdk1.8/jdk1.8.0_111/jre/lib/amd64"/>
    <property name="java.vm.version" value="25.111-b14"/>
    <property name="java.vm.vendor" value="Oracle Corporation"/>
    <property name="maven.multiModuleProjectDirectory" value="/home/perficient/Documents/mycourse/src/TrainingSystem"/>
    <property name="java.vendor.url" value="http://java.oracle.com/"/>
    <property name="path.separator" value=":"/>
    <property name="guice.disable.misplaced.annotation.check" value="true"/>
    <property name="java.vm.name" value="Java HotSpot(TM) 64-Bit Server VM"/>
    <property name="file.encoding.pkg" value="sun.io"/>
    <property name="user.country" value="US"/>
    <property name="sun.java.launcher" value="SUN_STANDARD"/>
    <property name="sun.os.patch.level" value="unknown"/>
    <property name="java.vm.specification.name" value="Java Virtual Machine Specification"/>
    <property name="user.dir" value="/home/perficient/Documents/mycourse/src/TrainingSystem"/>
    <property name="java.runtime.version" value="1.8.0_111-b14"/>
    <property name="java.awt.graphicsenv" value="sun.awt.X11GraphicsEnvironment"/>
    <property name="java.endorsed.dirs" value="/home/perficient/Documents/jdk1.8/jdk1.8.0_111/jre/lib/endorsed"/>
    <property name="os.arch" value="amd64"/>
    <property name="java.io.tmpdir" value="/tmp"/>
    <property name="line.separator" value="&#10;"/>
    <property name="java.vm.specification.vendor" value="Oracle Corporation"/>
    <property name="os.name" value="Linux"/>
    <property name="classworlds.conf" value="/home/perficient/Documents/workspace/.metadata/.plugins/org.eclipse.m2e.launching/launches/m2conf4695160695684159641.tmp"/>
    <property name="sun.jnu.encoding" value="UTF-8"/>
    <property name="java.library.path" value="/usr/java/packages/lib/amd64:/usr/lib64:/lib64:/lib:/usr/lib"/>
    <property name="java.specification.name" value="Java Platform API Specification"/>
    <property name="java.class.version" value="52.0"/>
    <property name="sun.management.compiler" value="HotSpot 64-Bit Tiered Compilers"/>
    <property name="os.version" value="4.13.0-26-generic"/>
    <property name="user.home" value="/home/perficient"/>
    <property name="user.timezone" value="Asia/Shanghai"/>
    <property name="java.awt.printerjob" value="sun.print.PSPrinterJob"/>
    <property name="file.encoding" value="UTF-8"/>
    <property name="java.specification.version" value="1.8"/>
    <property name="user.name" value="perficient"/>
    <property name="java.class.path" value="/home/perficient/Documents/eclipse/plugins/org.eclipse.m2e.maven.runtime_1.8.0.20170516-2042/jars/plexus-classworlds-2.5.2.jar"/>
    <property name="java.vm.specification.version" value="1.8"/>
    <property name="sun.arch.data.model" value="64"/>
    <property name="java.home" value="/home/perficient/Documents/jdk1.8/jdk1.8.0_111/jre"/>
    <property name="sun.java.command" value="org.codehaus.plexus.classworlds.launcher.Launcher -B install"/>
    <property name="java.specification.vendor" value="Oracle Corporation"/>
    <property name="user.language" value="en"/>
    <property name="awt.toolkit" value="sun.awt.X11.XToolkit"/>
    <property name="java.vm.info" value="mixed mode"/>
    <property name="java.version" value="1.8.0_111"/>
    <property name="java.ext.dirs" value="/home/perficient/Documents/jdk1.8/jdk1.8.0_111/jre/lib/ext:/usr/java/packages/lib/ext"/>
    <property name="securerandom.source" value="file:/dev/./urandom"/>
    <property name="sun.boot.class.path" value="/home/perficient/Documents/jdk1.8/jdk1.8.0_111/jre/lib/resources.jar:/home/perficient/Documents/jdk1.8/jdk1.8.0_111/jre/lib/rt.jar:/home/perficient/Documents/jdk1.8/jdk1.8.0_111/jre/lib/sunrsasign.jar:/home/perficient/Documents/jdk1.8/jdk1.8.0_111/jre/lib/jsse.jar:/home/perficient/Documents/jdk1.8/jdk1.8.0_111/jre/lib/jce.jar:/home/perficient/Documents/jdk1.8/jdk1.8.0_111/jre/lib/charsets.jar:/home/perficient/Documents/jdk1.8/jdk1.8.0_111/jre/lib/jfr.jar:/home/perficient/Documents/jdk1.8/jdk1.8.0_111/jre/classes"/>
    <property name="java.vendor" value="Oracle Corporation"/>
    <property name="maven.home" value="/home/perficient/Documents/mycourse/src/TrainingSystem/EMBEDDED"/>
    <property name="file.separator" value="/"/>
    <property name="java.vendor.url.bug" value="http://bugreport.sun.com/bugreport/"/>
    <property name="sun.cpu.endian" value="little"/>
    <property name="sun.io.unicode.encoding" value="UnicodeLittle"/>
    <property name="sun.desktop" value="gnome"/>
    <property name="sun.cpu.isalist" value=""/>
  </properties>
  <testcase name="testAddCourseForNormal" classname="com.perficient.trainingsystem.controller.CourseAddControllerTest" time="0.057"/>
  <testcase name="getCourseInfoByOldNameTest" classname="com.perficient.trainingsystem.controller.CourseAddControllerTest" time="0.034"/>
  <testcase name="updateCourseInfoForNormalTest" classname="com.perficient.trainingsystem.controller.CourseAddControllerTest" time="0.062"/>
  <testcase name="testAddCourseForExceprion" classname="com.perficient.trainingsystem.controller.CourseAddControllerTest" time="0.048"/>
  <testcase name="testAddCourseForSameNameExceprion" classname="com.perficient.trainingsystem.controller.CourseAddControllerTest" time="0.063"/>
</testsuite>